[zap.ramotion.agency/index.html]
[backblue.gif]
[fade.gif]
[index.html]
[zap.ramotion.agency/main.css]
[zap.ramotion.agency/supplies.svg]
[zap.ramotion.agency/facilities.svg]
[zap.ramotion.agency/autonomy.svg]
[zap.ramotion.agency/map-vector.svg]
[zap.ramotion.agency/app-2.svg]
[zap.ramotion.agency/inner-circle.svg]
[zap.ramotion.agency/basic.svg]
[zap.ramotion.agency/fast.svg]
[zap.ramotion.agency/super.svg]
[zap.ramotion.agency/chademo.svg]
[zap.ramotion.agency/supercharger.svg]
[zap.ramotion.agency/roadster.svg]
[zap.ramotion.agency/index.html]
[zap.ramotion.agency/main.css]
[zap.ramotion.agency/supplies.svg]
[zap.ramotion.agency/facilities.svg]
[zap.ramotion.agency/autonomy.svg]
[zap.ramotion.agency/map-vector.svg]
[zap.ramotion.agency/app-2.svg]
[zap.ramotion.agency/inner-circle.svg]
[zap.ramotion.agency/basic.svg]
[zap.ramotion.agency/fast.svg]
[zap.ramotion.agency/super.svg]
[zap.ramotion.agency/chademo.svg]
[zap.ramotion.agency/supercharger.svg]
[zap.ramotion.agency/roadster.svg]
[zap.ramotion.agency/main.js]
